<?xml version="1.0" encoding="UTF-8"?>
<testng-results skipped="0" failed="0" ignored="0" total="1" passed="1">
  <reporter-output>
  </reporter-output>
  <suite name="Default suite" duration-ms="28945" started-at="2019-01-22T14:26:06Z" finished-at="2019-01-22T14:26:35Z">
    <groups>
    </groups>
    <test name="Default test" duration-ms="28945" started-at="2019-01-22T14:26:06Z" finished-at="2019-01-22T14:26:35Z">
      <class name="org.testing.testscripts.TC1">
        <test-method status="PASS" signature="bmethod()[pri:0, instance:org.testing.testscripts.TC1@51081592]" name="bmethod" is-config="true" duration-ms="15235" started-at="2019-01-22T14:26:06Z" finished-at="2019-01-22T14:26:22Z">
          <reporter-output>
          </reporter-output>
        </test-method> <!-- bmethod -->
        <test-method status="PASS" signature="f()[pri:0, instance:org.testing.testscripts.TC1@51081592]" name="f" duration-ms="13669" started-at="2019-01-22T14:26:22Z" finished-at="2019-01-22T14:26:35Z">
          <reporter-output>
          </reporter-output>
        </test-method> <!-- f -->
      </class> <!-- org.testing.testscripts.TC1 -->
    </test> <!-- Default test -->
  </suite> <!-- Default suite -->
</testng-results>
